<?xml version="1.0" encoding="UTF-8"?>
<!-- Generated by org.testng.reporters.JUnitReportReporter -->
<testsuite hostname="INBOOK_X2_PLUS" failures="0" tests="1" name="com.mystore.testscripts.LoginPageTest" time="0.000" errors="0" timestamp="2024-06-21T12:54:35 IST" skipped="1">
  <testcase classname="com.mystore.testscripts.LoginPageTest" name="loginTest" time="0.000">
    <skipped/>
  </testcase> <!-- loginTest -->
  <system-out/>
</testsuite> <!-- com.mystore.testscripts.LoginPageTest -->
